This is pdfTeX, Version 3.141592653-2.6-1.40.26 (TeX Live 2024) (preloaded format=pdflatex 2024.8.26)  13 SEP 2024 17:01
entering extended mode
 restricted \write18 enabled.
 %&-line parsing enabled.
**shell文件.tex
(./shell文件.tex
LaTeX2e <2023-11-01> patch level 1
L3 programming layer <2024-02-20>
(d:/texlive2024/texlive/2024/texmf-dist/tex/latex/base/article.cls
Document Class: article 2023/05/17 v1.4n Standard LaTeX document class
(d:/texlive2024/texlive/2024/texmf-dist/tex/latex/base/size10.clo
File: size10.clo 2023/05/17 v1.4n Standard LaTeX file (size option)
)
\c@part=\count188
\c@section=\count189
\c@subsection=\count190
\c@subsubsection=\count191
\c@paragraph=\count192
\c@subparagraph=\count193
\c@figure=\count194
\c@table=\count195
\abovecaptionskip=\skip48
\belowcaptionskip=\skip49
\bibindent=\dimen140
)
(d:/texlive2024/texlive/2024/texmf-dist/tex/latex/tools/array.sty
Package: array 2023/10/16 v2.5g Tabular extension package (FMi)
\col@sep=\dimen141
\ar@mcellbox=\box51
\extrarowheight=\dimen142
\NC@list=\toks17
\extratabsurround=\skip50
\backup@length=\skip51
\ar@cellbox=\box52
)
(d:/texlive2024/texlive/2024/texmf-dist/tex/latex/caption/caption.sty
Package: caption 2023/08/05 v3.6o Customizing captions (AR)

(d:/texlive2024/texlive/2024/texmf-dist/tex/latex/caption/caption3.sty
Package: caption3 2023/07/31 v2.4d caption3 kernel (AR)

(d:/texlive2024/texlive/2024/texmf-dist/tex/latex/graphics/keyval.sty
Package: keyval 2022/05/29 v1.15 key=value parser (DPC)
\KV@toks@=\toks18
)
\caption@tempdima=\dimen143
\captionmargin=\dimen144
\caption@leftmargin=\dimen145
\caption@rightmargin=\dimen146
\caption@width=\dimen147
\caption@indent=\dimen148
\caption@parindent=\dimen149
\caption@hangindent=\dimen150
Package caption Info: Standard document class detected.
)
\c@caption@flags=\count196
\c@continuedfloat=\count197
)
(d:/texlive2024/texlive/2024/texmf-dist/tex/latex/ctex/ctex.sty
(d:/texlive2024/texlive/2024/texmf-dist/tex/latex/l3kernel/expl3.sty
Package: expl3 2024-02-20 L3 programming layer (loader) 

(d:/texlive2024/texlive/2024/texmf-dist/tex/latex/l3backend/l3backend-pdftex.de
f
File: l3backend-pdftex.def 2024-02-20 L3 backend support: PDF output (pdfTeX)
\l__color_backend_stack_int=\count198
\l__pdf_internal_box=\box53
))
Package: ctex 2022/07/14 v2.5.10 Chinese adapter in LaTeX (CTEX)
 (d:/texlive2024/texlive/2024/texmf-dist/tex/latex/ctex/ctexhook.sty
Package: ctexhook 2022/07/14 v2.5.10 Document and package hooks (CTEX)
)
(d:/texlive2024/texlive/2024/texmf-dist/tex/latex/ctex/ctexpatch.sty
Package: ctexpatch 2022/07/14 v2.5.10 Patching commands (CTEX)
)
(d:/texlive2024/texlive/2024/texmf-dist/tex/latex/base/fix-cm.sty
Package: fix-cm 2020/11/24 v1.1t fixes to LaTeX

(d:/texlive2024/texlive/2024/texmf-dist/tex/latex/base/ts1enc.def
File: ts1enc.def 2001/06/05 v3.0e (jk/car/fm) Standard LaTeX file
LaTeX Font Info:    Redeclaring font encoding TS1 on input line 47.
))
\l__ctex_tmp_int=\count199
\l__ctex_tmp_box=\box54
\l__ctex_tmp_dim=\dimen151
\g__ctex_section_depth_int=\count266
\g__ctex_font_size_int=\count267

(d:/texlive2024/texlive/2024/texmf-dist/tex/latex/ctex/config/ctexopts.cfg
File: ctexopts.cfg 2022/07/14 v2.5.10 Option configuration file (CTEX)
)

Package ctex Warning: UTF8 will be used as the default encoding.


(d:/texlive2024/texlive/2024/texmf-dist/tex/latex/ctex/engine/ctex-engine-pdfte
x.def
File: ctex-engine-pdftex.def 2022/07/14 v2.5.10 (pdf)LaTeX adapter (CTEX)

(d:/texlive2024/texlive/2024/texmf-dist/tex/latex/cjk/texinput/CJKutf8.sty
Package: CJKutf8 2021/10/16 4.8.5

(d:/texlive2024/texlive/2024/texmf-dist/tex/generic/iftex/ifpdf.sty
Package: ifpdf 2019/10/25 v3.4 ifpdf legacy package. Use iftex instead.

(d:/texlive2024/texlive/2024/texmf-dist/tex/generic/iftex/iftex.sty
Package: iftex 2022/02/03 v1.0f TeX engine tests
))
(d:/texlive2024/texlive/2024/texmf-dist/tex/latex/base/inputenc.sty
Package: inputenc 2021/02/14 v1.3d Input encoding file
\inpenc@prehook=\toks19
\inpenc@posthook=\toks20
)
(d:/texlive2024/texlive/2024/texmf-dist/tex/latex/cjk/texinput/CJK.sty
Package: CJK 2021/10/16 4.8.5

(d:/texlive2024/texlive/2024/texmf-dist/tex/latex/cjk/texinput/mule/MULEenc.sty
Package: MULEenc 2021/10/16 4.8.5
) (d:/texlive2024/texlive/2024/texmf-dist/tex/latex/cjk/texinput/CJK.enc
File: CJK.enc 2021/10/16 4.8.5
Now handling font encoding C00 ...
... no UTF-8 mapping file for font encoding C00
Now handling font encoding C05 ...
... no UTF-8 mapping file for font encoding C05
Now handling font encoding C09 ...
... no UTF-8 mapping file for font encoding C09
Now handling font encoding C10 ...
... no UTF-8 mapping file for font encoding C10
Now handling font encoding C20 ...
... no UTF-8 mapping file for font encoding C20
Now handling font encoding C19 ...
... no UTF-8 mapping file for font encoding C19
Now handling font encoding C40 ...
... no UTF-8 mapping file for font encoding C40
Now handling font encoding C42 ...
... no UTF-8 mapping file for font encoding C42
Now handling font encoding C43 ...
... no UTF-8 mapping file for font encoding C43
Now handling font encoding C50 ...
... no UTF-8 mapping file for font encoding C50
Now handling font encoding C52 ...
... no UTF-8 mapping file for font encoding C52
Now handling font encoding C49 ...
... no UTF-8 mapping file for font encoding C49
Now handling font encoding C60 ...
... no UTF-8 mapping file for font encoding C60
Now handling font encoding C61 ...
... no UTF-8 mapping file for font encoding C61
Now handling font encoding C63 ...
... no UTF-8 mapping file for font encoding C63
Now handling font encoding C64 ...
... no UTF-8 mapping file for font encoding C64
Now handling font encoding C65 ...
... no UTF-8 mapping file for font encoding C65
Now handling font encoding C70 ...
... no UTF-8 mapping file for font encoding C70
Now handling font encoding C31 ...
... no UTF-8 mapping file for font encoding C31
Now handling font encoding C32 ...
... no UTF-8 mapping file for font encoding C32
Now handling font encoding C33 ...
... no UTF-8 mapping file for font encoding C33
Now handling font encoding C34 ...
... no UTF-8 mapping file for font encoding C34
Now handling font encoding C35 ...
... no UTF-8 mapping file for font encoding C35
Now handling font encoding C36 ...
... no UTF-8 mapping file for font encoding C36
Now handling font encoding C37 ...
... no UTF-8 mapping file for font encoding C37
Now handling font encoding C80 ...
... no UTF-8 mapping file for font encoding C80
Now handling font encoding C81 ...
... no UTF-8 mapping file for font encoding C81
Now handling font encoding C01 ...
... no UTF-8 mapping file for font encoding C01
Now handling font encoding C11 ...
... no UTF-8 mapping file for font encoding C11
Now handling font encoding C21 ...
... no UTF-8 mapping file for font encoding C21
Now handling font encoding C41 ...
... no UTF-8 mapping file for font encoding C41
Now handling font encoding C62 ...
... no UTF-8 mapping file for font encoding C62
)
\CJK@indent=\box55
)
(d:/texlive2024/texlive/2024/texmf-dist/tex/latex/base/fontenc.sty
Package: fontenc 2021/04/29 v2.0v Standard LaTeX package
))
(d:/texlive2024/texlive/2024/texmf-dist/tex/latex/cjkpunct/CJKpunct.sty
Package: CJKpunct 2016/05/14 4.8.4
\CJKpunct@cnta=\count268
\CJKpunct@cntb=\count269
\CJKpunct@cntc=\count270
\CJKpunct@cntd=\count271
\CJKpunct@cnte=\count272
   defining Unicode char U+2018 (decimal 8216)
   defining Unicode char U+2019 (decimal 8217)
   defining Unicode char U+201C (decimal 8220)
   defining Unicode char U+201D (decimal 8221)
   defining Unicode char U+2014 (decimal 8212)
   defining Unicode char U+2026 (decimal 8230)

(d:/texlive2024/texlive/2024/texmf-dist/tex/latex/cjkpunct/CJKpunct.spa))
(d:/texlive2024/texlive/2024/texmf-dist/tex/latex/cjk/texinput/CJKspace.sty
Package: CJKspace 2021/10/16 3.8.0
)
(d:/texlive2024/texlive/2024/texmf-dist/tex/latex/cjk/texinput/UTF8/UTF8.bdg
File: UTF8.bdg 2021/10/16 4.8.5
)
(d:/texlive2024/texlive/2024/texmf-dist/tex/latex/ctex/ctexspa.def
File: ctexspa.def 2022/07/14 v2.5.10 Space info for CJKpunct (CTEX)
)
\ccwd=\dimen152
\l__ctex_ccglue_skip=\skip52
)
\l__ctex_ziju_dim=\dimen153

(d:/texlive2024/texlive/2024/texmf-dist/tex/latex/zhnumber/zhnumber.sty
Package: zhnumber 2022/07/14 v3.0 Typesetting numbers with Chinese glyphs
\l__zhnum_scale_int=\count273
\l__zhnum_tmp_int=\count274

(d:/texlive2024/texlive/2024/texmf-dist/tex/latex/zhnumber/zhnumber-utf8.cfg
File: zhnumber-utf8.cfg 2022/07/14 v3.0 Chinese numerals with UTF8 encoding
))
(d:/texlive2024/texlive/2024/texmf-dist/tex/latex/ctex/scheme/ctex-scheme-chine
se.def
File: ctex-scheme-chinese.def 2022/07/14 v2.5.10 Chinese scheme for generic (CT
EX)

(d:/texlive2024/texlive/2024/texmf-dist/tex/latex/ctex/config/ctex-name-utf8.cf
g
File: ctex-name-utf8.cfg 2022/07/14 v2.5.10 Caption with encoding UTF-8 (CTEX)
)) (d:/texlive2024/texlive/2024/texmf-dist/tex/latex/tools/indentfirst.sty
Package: indentfirst 2023/07/02 v1.03 Indent first paragraph (DPC)
)
(d:/texlive2024/texlive/2024/texmf-dist/tex/latex/ctex/ctex-c5size.clo
File: ctex-c5size.clo 2022/07/14 v2.5.10 c5size option (CTEX)
)
(d:/texlive2024/texlive/2024/texmf-dist/tex/latex/ctex/fontset/ctex-fontset-win
dows.def
File: ctex-fontset-windows.def 2022/07/14 v2.5.10 Windows fonts definition (CTE
X)
))
(d:/texlive2024/texlive/2024/texmf-dist/tex/latex/ctex/config/ctex.cfg
File: ctex.cfg 2022/07/14 v2.5.10 Configuration file (CTEX)
)
(d:/texlive2024/texlive/2024/texmf-dist/tex/latex/hyperref/hyperref.sty
Package: hyperref 2024-01-20 v7.01h Hypertext links for LaTeX

(d:/texlive2024/texlive/2024/texmf-dist/tex/latex/kvsetkeys/kvsetkeys.sty
Package: kvsetkeys 2022-10-05 v1.19 Key value parser (HO)
)
(d:/texlive2024/texlive/2024/texmf-dist/tex/generic/kvdefinekeys/kvdefinekeys.s
ty
Package: kvdefinekeys 2019-12-19 v1.6 Define keys (HO)
) (d:/texlive2024/texlive/2024/texmf-dist/tex/generic/pdfescape/pdfescape.sty
Package: pdfescape 2019/12/09 v1.15 Implements pdfTeX's escape features (HO)
(d:/texlive2024/texlive/2024/texmf-dist/tex/generic/ltxcmds/ltxcmds.sty
Package: ltxcmds 2023-12-04 v1.26 LaTeX kernel commands for general use (HO)
)
(d:/texlive2024/texlive/2024/texmf-dist/tex/generic/pdftexcmds/pdftexcmds.sty
Package: pdftexcmds 2020-06-27 v0.33 Utility functions of pdfTeX for LuaTeX (HO
)

(d:/texlive2024/texlive/2024/texmf-dist/tex/generic/infwarerr/infwarerr.sty
Package: infwarerr 2019/12/03 v1.5 Providing info/warning/error messages (HO)
)
Package pdftexcmds Info: \pdf@primitive is available.
Package pdftexcmds Info: \pdf@ifprimitive is available.
Package pdftexcmds Info: \pdfdraftmode found.
))
(d:/texlive2024/texlive/2024/texmf-dist/tex/latex/hycolor/hycolor.sty
Package: hycolor 2020-01-27 v1.10 Color options for hyperref/bookmark (HO)
)
(d:/texlive2024/texlive/2024/texmf-dist/tex/latex/auxhook/auxhook.sty
Package: auxhook 2019-12-17 v1.6 Hooks for auxiliary files (HO)
)
(d:/texlive2024/texlive/2024/texmf-dist/tex/latex/hyperref/nameref.sty
Package: nameref 2023-11-26 v2.56 Cross-referencing by name of section

(d:/texlive2024/texlive/2024/texmf-dist/tex/latex/refcount/refcount.sty
Package: refcount 2019/12/15 v3.6 Data extraction from label references (HO)
)
(d:/texlive2024/texlive/2024/texmf-dist/tex/generic/gettitlestring/gettitlestri
ng.sty
Package: gettitlestring 2019/12/15 v1.6 Cleanup title references (HO)

(d:/texlive2024/texlive/2024/texmf-dist/tex/latex/kvoptions/kvoptions.sty
Package: kvoptions 2022-06-15 v3.15 Key value format for package options (HO)
))
\c@section@level=\count275
)
(d:/texlive2024/texlive/2024/texmf-dist/tex/latex/etoolbox/etoolbox.sty
Package: etoolbox 2020/10/05 v2.5k e-TeX tools for LaTeX (JAW)
\etb@tempcnta=\count276
)
\@linkdim=\dimen154
\Hy@linkcounter=\count277
\Hy@pagecounter=\count278

(d:/texlive2024/texlive/2024/texmf-dist/tex/latex/hyperref/pd1enc.def
File: pd1enc.def 2024-01-20 v7.01h Hyperref: PDFDocEncoding definition (HO)
Now handling font encoding PD1 ...
... no UTF-8 mapping file for font encoding PD1
)
(d:/texlive2024/texlive/2024/texmf-dist/tex/generic/intcalc/intcalc.sty
Package: intcalc 2019/12/15 v1.3 Expandable calculations with integers (HO)
)
\Hy@SavedSpaceFactor=\count279

(d:/texlive2024/texlive/2024/texmf-dist/tex/latex/hyperref/puenc.def
File: puenc.def 2024-01-20 v7.01h Hyperref: PDF Unicode definition (HO)
Now handling font encoding PU ...
... no UTF-8 mapping file for font encoding PU
)
Package hyperref Info: Option `unicode' set `true' on input line 4062.
Package hyperref Info: Hyper figures OFF on input line 4179.
Package hyperref Info: Link nesting OFF on input line 4184.
Package hyperref Info: Hyper index ON on input line 4187.
Package hyperref Info: Plain pages OFF on input line 4194.
Package hyperref Info: Backreferencing OFF on input line 4199.
Package hyperref Info: Implicit mode ON; LaTeX internals redefined.
Package hyperref Info: Bookmarks ON on input line 4446.
\c@Hy@tempcnt=\count280

(d:/texlive2024/texlive/2024/texmf-dist/tex/latex/url/url.sty
\Urlmuskip=\muskip16
Package: url 2013/09/16  ver 3.4  Verb mode for urls, etc.
)
LaTeX Info: Redefining \url on input line 4784.
\XeTeXLinkMargin=\dimen155

(d:/texlive2024/texlive/2024/texmf-dist/tex/generic/bitset/bitset.sty
Package: bitset 2019/12/09 v1.3 Handle bit-vector datatype (HO)

(d:/texlive2024/texlive/2024/texmf-dist/tex/generic/bigintcalc/bigintcalc.sty
Package: bigintcalc 2019/12/15 v1.5 Expandable calculations on big integers (HO
)
))
\Fld@menulength=\count281
\Field@Width=\dimen156
\Fld@charsize=\dimen157
Package hyperref Info: Hyper figures OFF on input line 6063.
Package hyperref Info: Link nesting OFF on input line 6068.
Package hyperref Info: Hyper index ON on input line 6071.
Package hyperref Info: backreferencing OFF on input line 6078.
Package hyperref Info: Link coloring OFF on input line 6083.
Package hyperref Info: Link coloring with OCG OFF on input line 6088.
Package hyperref Info: PDF/A mode OFF on input line 6093.
(d:/texlive2024/texlive/2024/texmf-dist/tex/latex/base/atbegshi-ltx.sty
Package: atbegshi-ltx 2021/01/10 v1.0c Emulation of the original atbegshi
package with kernel methods
)
\Hy@abspage=\count282
\c@Item=\count283
\c@Hfootnote=\count284
)
Package hyperref Info: Driver (autodetected): hpdftex.

(d:/texlive2024/texlive/2024/texmf-dist/tex/latex/hyperref/hpdftex.def
File: hpdftex.def 2024-01-20 v7.01h Hyperref driver for pdfTeX

(d:/texlive2024/texlive/2024/texmf-dist/tex/latex/base/atveryend-ltx.sty
Package: atveryend-ltx 2020/08/19 v1.0a Emulation of the original atveryend pac
kage
with kernel methods
)
\Fld@listcount=\count285
\c@bookmark@seq@number=\count286

(d:/texlive2024/texlive/2024/texmf-dist/tex/latex/rerunfilecheck/rerunfilecheck
.sty
Package: rerunfilecheck 2022-07-10 v1.10 Rerun checks for auxiliary files (HO)

(d:/texlive2024/texlive/2024/texmf-dist/tex/generic/uniquecounter/uniquecounter
.sty
Package: uniquecounter 2019/12/15 v1.4 Provide unlimited unique counter (HO)
)
Package uniquecounter Info: New unique counter `rerunfilecheck' on input line 2
85.
)
\Hy@SectionHShift=\skip53
) (d:/texlive2024/texlive/2024/texmf-dist/tex/latex/geometry/geometry.sty
Package: geometry 2020/01/02 v5.9 Page Geometry
(d:/texlive2024/texlive/2024/texmf-dist/tex/generic/iftex/ifvtex.sty
Package: ifvtex 2019/10/25 v1.7 ifvtex legacy package. Use iftex instead.
)
\Gm@cnth=\count287
\Gm@cntv=\count288
\c@Gm@tempcnt=\count289
\Gm@bindingoffset=\dimen158
\Gm@wd@mp=\dimen159
\Gm@odd@mp=\dimen160
\Gm@even@mp=\dimen161
\Gm@layoutwidth=\dimen162
\Gm@layoutheight=\dimen163
\Gm@layouthoffset=\dimen164
\Gm@layoutvoffset=\dimen165
\Gm@dimlist=\toks21
)
(d:/texlive2024/texlive/2024/texmf-dist/tex/latex/graphics/graphicx.sty
Package: graphicx 2021/09/16 v1.2d Enhanced LaTeX Graphics (DPC,SPQR)

(d:/texlive2024/texlive/2024/texmf-dist/tex/latex/graphics/graphics.sty
Package: graphics 2022/03/10 v1.4e Standard LaTeX Graphics (DPC,SPQR)

(d:/texlive2024/texlive/2024/texmf-dist/tex/latex/graphics/trig.sty
Package: trig 2021/08/11 v1.11 sin cos tan (DPC)
)
(d:/texlive2024/texlive/2024/texmf-dist/tex/latex/graphics-cfg/graphics.cfg
File: graphics.cfg 2016/06/04 v1.11 sample graphics configuration
)
Package graphics Info: Driver file: pdftex.def on input line 107.

(d:/texlive2024/texlive/2024/texmf-dist/tex/latex/graphics-def/pdftex.def
File: pdftex.def 2022/09/22 v1.2b Graphics/color driver for pdftex
))
\Gin@req@height=\dimen166
\Gin@req@width=\dimen167
)
(d:/texlive2024/texlive/2024/texmf-dist/tex/latex/cjk/texinput/UTF8/UTF8.enc
File: UTF8.enc 2021/10/16 4.8.5
)
(d:/texlive2024/texlive/2024/texmf-dist/tex/latex/cjk/texinput/UTF8/UTF8.chr
File: UTF8.chr 2021/10/16 4.8.5
)
(./shell文件.aux

LaTeX Warning: Label `fig:example' multiply defined.


LaTeX Warning: Label `fig:example' multiply defined.


LaTeX Warning: Label `fig:example' multiply defined.


LaTeX Warning: Label `fig:example' multiply defined.


LaTeX Warning: Label `fig:example' multiply defined.


LaTeX Warning: Label `fig:example' multiply defined.


LaTeX Warning: Label `fig:example' multiply defined.


LaTeX Warning: Label `fig:example' multiply defined.


LaTeX Warning: Label `fig:example' multiply defined.


LaTeX Warning: Label `fig:example' multiply defined.


LaTeX Warning: Label `fig:example' multiply defined.


LaTeX Warning: Label `fig:example' multiply defined.


LaTeX Warning: Label `fig:example' multiply defined.


LaTeX Warning: Label `fig:example' multiply defined.


LaTeX Warning: Label `fig:example' multiply defined.


LaTeX Warning: Label `fig:example' multiply defined.


LaTeX Warning: Label `fig:example' multiply defined.


LaTeX Warning: Label `fig:example' multiply defined.


LaTeX Warning: Label `fig:example' multiply defined.


LaTeX Warning: Label `fig:example' multiply defined.


LaTeX Warning: Label `fig:example' multiply defined.


LaTeX Warning: Label `fig:example' multiply defined.


LaTeX Warning: Label `fig:example' multiply defined.

)
\openout1 = `shell文件.aux'.

LaTeX Font Info:    Checking defaults for OML/cmm/m/it on input line 17.
LaTeX Font Info:    ... okay on input line 17.
LaTeX Font Info:    Checking defaults for OMS/cmsy/m/n on input line 17.
LaTeX Font Info:    ... okay on input line 17.
LaTeX Font Info:    Checking defaults for OT1/cmr/m/n on input line 17.
LaTeX Font Info:    ... okay on input line 17.
LaTeX Font Info:    Checking defaults for T1/cmr/m/n on input line 17.
LaTeX Font Info:    ... okay on input line 17.
LaTeX Font Info:    Checking defaults for TS1/cmr/m/n on input line 17.
LaTeX Font Info:    ... okay on input line 17.
LaTeX Font Info:    Checking defaults for OMX/cmex/m/n on input line 17.
LaTeX Font Info:    ... okay on input line 17.
LaTeX Font Info:    Checking defaults for U/cmr/m/n on input line 17.
LaTeX Font Info:    ... okay on input line 17.
LaTeX Font Info:    Checking defaults for C00/song/m/n on input line 17.
LaTeX Font Info:    ... okay on input line 17.
LaTeX Font Info:    Checking defaults for C05/song/m/n on input line 17.
LaTeX Font Info:    ... okay on input line 17.
LaTeX Font Info:    Checking defaults for C09/song/m/n on input line 17.
LaTeX Font Info:    ... okay on input line 17.
LaTeX Font Info:    Checking defaults for C10/song/m/n on input line 17.
LaTeX Font Info:    ... okay on input line 17.
LaTeX Font Info:    Checking defaults for C20/song/m/n on input line 17.
LaTeX Font Info:    ... okay on input line 17.
LaTeX Font Info:    Checking defaults for C19/song/m/n on input line 17.
LaTeX Font Info:    ... okay on input line 17.
LaTeX Font Info:    Checking defaults for C40/song/m/n on input line 17.
LaTeX Font Info:    ... okay on input line 17.
LaTeX Font Info:    Checking defaults for C42/song/m/n on input line 17.
LaTeX Font Info:    ... okay on input line 17.
LaTeX Font Info:    Checking defaults for C43/song/m/n on input line 17.
LaTeX Font Info:    ... okay on input line 17.
LaTeX Font Info:    Checking defaults for C50/song/m/n on input line 17.
LaTeX Font Info:    ... okay on input line 17.
LaTeX Font Info:    Checking defaults for C52/song/m/n on input line 17.
LaTeX Font Info:    ... okay on input line 17.
LaTeX Font Info:    Checking defaults for C49/song/m/n on input line 17.
LaTeX Font Info:    ... okay on input line 17.
LaTeX Font Info:    Checking defaults for C60/mj/m/n on input line 17.
LaTeX Font Info:    ... okay on input line 17.
LaTeX Font Info:    Checking defaults for C61/mj/m/n on input line 17.
LaTeX Font Info:    ... okay on input line 17.
LaTeX Font Info:    Checking defaults for C63/mj/m/n on input line 17.
LaTeX Font Info:    ... okay on input line 17.
LaTeX Font Info:    Checking defaults for C64/mj/m/n on input line 17.
LaTeX Font Info:    ... okay on input line 17.
LaTeX Font Info:    Checking defaults for C65/mj/m/n on input line 17.
LaTeX Font Info:    ... okay on input line 17.
LaTeX Font Info:    Checking defaults for C70/song/m/n on input line 17.
LaTeX Font Info:    ... okay on input line 17.
LaTeX Font Info:    Checking defaults for C31/song/m/n on input line 17.
LaTeX Font Info:    ... okay on input line 17.
LaTeX Font Info:    Checking defaults for C32/song/m/n on input line 17.
LaTeX Font Info:    ... okay on input line 17.
LaTeX Font Info:    Checking defaults for C33/song/m/n on input line 17.
LaTeX Font Info:    ... okay on input line 17.
LaTeX Font Info:    Checking defaults for C34/song/m/n on input line 17.
LaTeX Font Info:    ... okay on input line 17.
LaTeX Font Info:    Checking defaults for C35/song/m/n on input line 17.
LaTeX Font Info:    ... okay on input line 17.
LaTeX Font Info:    Checking defaults for C36/song/m/n on input line 17.
LaTeX Font Info:    ... okay on input line 17.
LaTeX Font Info:    Checking defaults for C37/song/m/n on input line 17.
LaTeX Font Info:    ... okay on input line 17.
LaTeX Font Info:    Checking defaults for C80/song/m/n on input line 17.
LaTeX Font Info:    ... okay on input line 17.
LaTeX Font Info:    Checking defaults for C81/song/m/n on input line 17.
LaTeX Font Info:    ... okay on input line 17.
LaTeX Font Info:    Checking defaults for C01/song/m/n on input line 17.
LaTeX Font Info:    ... okay on input line 17.
LaTeX Font Info:    Checking defaults for C11/song/m/n on input line 17.
LaTeX Font Info:    ... okay on input line 17.
LaTeX Font Info:    Checking defaults for C21/song/m/n on input line 17.
LaTeX Font Info:    ... okay on input line 17.
LaTeX Font Info:    Checking defaults for C41/song/m/n on input line 17.
LaTeX Font Info:    ... okay on input line 17.
LaTeX Font Info:    Checking defaults for C62/song/m/n on input line 17.
LaTeX Font Info:    ... okay on input line 17.
LaTeX Font Info:    Checking defaults for PD1/pdf/m/n on input line 17.
LaTeX Font Info:    ... okay on input line 17.
LaTeX Font Info:    Checking defaults for PU/pdf/m/n on input line 17.
LaTeX Font Info:    ... okay on input line 17.
Package caption Info: Begin \AtBeginDocument code.
Package caption Info: hyperref package is loaded.
Package caption Info: End \AtBeginDocument code.
Package hyperref Info: Link coloring OFF on input line 17.
 (./shell文件.out) (./shell文件.out)
\@outlinefile=\write3
\openout3 = `shell文件.out'.


*geometry* driver: auto-detecting
*geometry* detected driver: pdftex
*geometry* verbose mode - [ preamble ] result:
* driver: pdftex
* paper: a4paper
* layout: <same size as paper>
* layoutoffset:(h,v)=(0.0pt,0.0pt)
* modes: 
* h-part:(L,W,R)=(56.9055pt, 483.69687pt, 56.9055pt)
* v-part:(T,H,B)=(85.35826pt, 645.87756pt, 113.81102pt)
* \paperwidth=597.50787pt
* \paperheight=845.04684pt
* \textwidth=483.69687pt
* \textheight=645.87756pt
* \oddsidemargin=-15.36449pt
* \evensidemargin=-15.36449pt
* \topmargin=-23.91173pt
* \headheight=12.0pt
* \headsep=25.0pt
* \topskip=10.0pt
* \footskip=30.0pt
* \marginparwidth=65.0pt
* \marginparsep=11.0pt
* \columnsep=10.0pt
* \skip\footins=9.0pt plus 4.0pt minus 2.0pt
* \hoffset=0.0pt
* \voffset=0.0pt
* \mag=1000
* \@twocolumnfalse
* \@twosidefalse
* \@mparswitchfalse
* \@reversemarginfalse
* (1in=72.27pt=25.4mm, 1cm=28.453pt)

(d:/texlive2024/texlive/2024/texmf-dist/tex/context/base/mkii/supp-pdf.mkii
[Loading MPS to PDF converter (version 2006.09.02).]
\scratchcounter=\count290
\scratchdimen=\dimen168
\scratchbox=\box56
\nofMPsegments=\count291
\nofMParguments=\count292
\everyMPshowfont=\toks22
\MPscratchCnt=\count293
\MPscratchDim=\dimen169
\MPnumerator=\count294
\makeMPintoPDFobject=\count295
\everyMPtoPDFconversion=\toks23
)
(d:/texlive2024/texlive/2024/texmf-dist/tex/latex/epstopdf-pkg/epstopdf-base.st
y
Package: epstopdf-base 2020-01-24 v2.11 Base part for package epstopdf
Package epstopdf-base Info: Redefining graphics rule for `.eps' on input line 4
85.

(d:/texlive2024/texlive/2024/texmf-dist/tex/latex/latexconfig/epstopdf-sys.cfg
File: epstopdf-sys.cfg 2010/07/13 v1.3 Configuration of (r)epstopdf for TeX Liv
e
))
LaTeX Font Info:    Trying to load font information for C70+rm on input line 21
.
 (d:/texlive2024/texlive/2024/texmf-dist/tex/latex/ctex/fd/c70rm.fd
File: c70rm.fd 2022/07/14 v2.5.10 Chinese font definition (CTEX)
)
LaTeX Font Info:    External font `cmex10' loaded for size
(Font)              <12.045> on input line 21.
LaTeX Font Info:    External font `cmex10' loaded for size
(Font)              <8> on input line 21.
LaTeX Font Info:    External font `cmex10' loaded for size
(Font)              <6> on input line 21.
Package CJKpunct Info: use punctuation spaces for family 'rm' with punctstyle (
quanjiao) on input line 24.
<echo.png, id=61, 378.66469pt x 54.2025pt>
File: echo.png Graphic file (type png)
<use echo.png>
Package pdftex.def Info: echo.png  used on input line 36.
(pdftex.def)             Requested size: 241.84843pt x 34.61835pt.


Package caption Warning: The option `hypcap=true' will be ignored for this
(caption)                particular \caption on input line 38.
See the caption package documentation for explanation.

LaTeX Font Info:    External font `cmex10' loaded for size
(Font)              <10.53937> on input line 40.
LaTeX Font Info:    External font `cmex10' loaded for size
(Font)              <7> on input line 40.
LaTeX Font Info:    External font `cmex10' loaded for size
(Font)              <5> on input line 40.
<fuzhi.png, id=66, 356.0803pt x 100.87688pt>
File: fuzhi.png Graphic file (type png)
<use fuzhi.png>
Package pdftex.def Info: fuzhi.png  used on input line 49.
(pdftex.def)             Requested size: 241.84843pt x 68.5153pt.

Package caption Warning: The option `hypcap=true' will be ignored for this
(caption)                particular \caption on input line 51.
See the caption package documentation for explanation.

<sum.png, id=69, 343.2825pt x 185.19188pt>
File: sum.png Graphic file (type png)
<use sum.png>
Package pdftex.def Info: sum.png  used on input line 61.
(pdftex.def)             Requested size: 241.84843pt x 130.46985pt.

Package caption Warning: The option `hypcap=true' will be ignored for this
(caption)                particular \caption on input line 63.
See the caption package documentation for explanation.


(d:/texlive2024/texlive/2024/texmf-dist/tex/generic/ctex/zhmap/ctex-zhmap-windo
ws.tex
File: ctex-zhmap-windows.tex 2022/07/14 v2.5.10 Windows font map loader for pdf
TeX and DVIPDFMx (CTEX)
{d:/texlive2024/texlive/2024/texmf-var/fonts/map/pdftex/updmap/pdftex.map}{UGBK
.sfd}{Unicode.sfd}) [1

 <./echo.png> <./fuzhi.png> <./sum.png>]
<if.png, id=133, 222.07968pt x 160.34906pt>
File: if.png Graphic file (type png)
<use if.png>
Package pdftex.def Info: if.png  used on input line 73.
(pdftex.def)             Requested size: 241.84843pt x 174.62286pt.


Package caption Warning: The option `hypcap=true' will be ignored for this
(caption)                particular \caption on input line 75.
See the caption package documentation for explanation.

<for.png, id=136, 214.55156pt x 152.06813pt>
File: for.png Graphic file (type png)
<use for.png>
Package pdftex.def Info: for.png  used on input line 85.
(pdftex.def)             Requested size: 241.84843pt x 171.4173pt.

Package caption Warning: The option `hypcap=true' will be ignored for this
(caption)                particular \caption on input line 87.
See the caption package documentation for explanation.

<greet.png, id=137, 220.57407pt x 120.45pt>
File: greet.png Graphic file (type png)
<use greet.png>
Package pdftex.def Info: greet.png  used on input line 97.
(pdftex.def)             Requested size: 241.84843pt x 132.07266pt.

Package caption Warning: The option `hypcap=true' will be ignored for this
(caption)                particular \caption on input line 99.
See the caption package documentation for explanation.

<touch.png, id=138, 243.15843pt x 183.68625pt>
File: touch.png Graphic file (type png)
<use touch.png>
Package pdftex.def Info: touch.png  used on input line 109.
(pdftex.def)             Requested size: 241.84843pt x 182.69637pt.

Package caption Warning: The option `hypcap=true' will be ignored for this
(caption)                particular \caption on input line 111.
See the caption package documentation for explanation.

[2 <./if.png> <./for.png> <./greet.png>]
<mkdir.png, id=151, 322.20375pt x 144.54pt>
File: mkdir.png Graphic file (type png)
<use mkdir.png>
Package pdftex.def Info: mkdir.png  used on input line 121.
(pdftex.def)             Requested size: 241.84843pt x 108.49734pt.


Package caption Warning: The option `hypcap=true' will be ignored for this
(caption)                particular \caption on input line 123.
See the caption package documentation for explanation.

File: mkdir.png Graphic file (type png)
<use mkdir.png>
Package pdftex.def Info: mkdir.png  used on input line 132.
(pdftex.def)             Requested size: 241.84843pt x 108.49734pt.

Package caption Warning: The option `hypcap=true' will be ignored for this
(caption)                particular \caption on input line 134.
See the caption package documentation for explanation.


Overfull \hbox (21.07874pt too wide) in paragraph at lines 129--137
[]$[]$ 
 []

<file_count.png, id=154, 331.99031pt x 163.3603pt>
File: file_count.png Graphic file (type png)
<use file_count.png>
Package pdftex.def Info: file_count.png  used on input line 145.
(pdftex.def)             Requested size: 241.84843pt x 119.00525pt.

Package caption Warning: The option `hypcap=true' will be ignored for this
(caption)                particular \caption on input line 147.
See the caption package documentation for explanation.

[3 <./touch.png> <./mkdir.png>]
<vim1.png, id=166, 1292.57906pt x 631.60968pt>
File: vim1.png Graphic file (type png)
<use vim1.png>
Package pdftex.def Info: vim1.png  used on input line 162.
(pdftex.def)             Requested size: 241.84843pt x 118.17595pt.


Package caption Warning: The option `hypcap=true' will be ignored for this
(caption)                particular \caption on input line 164.
See the caption package documentation for explanation.

<vim2.png, id=168, 364.36125pt x 637.63219pt>
File: vim2.png Graphic file (type png)
<use vim2.png>
Package pdftex.def Info: vim2.png  used on input line 174.
(pdftex.def)             Requested size: 241.84843pt x 423.232pt.

Package caption Warning: The option `hypcap=true' will be ignored for this
(caption)                particular \caption on input line 176.
See the caption package documentation for explanation.

[4 <./file_count.png> <./vim1.png>]
LaTeX Font Info:    Trying to load font information for C70+zhfs on input line 
186.

(d:/texlive2024/texlive/2024/texmf-dist/tex/latex/zhmetrics/c70zhfs.fd
File: c70zhfs.fd 2009/09/23 4.8.2
)
Package CJKpunct Info: use punctuation spaces for family 'zhfs' with punctstyle
 (quanjiao) on input line 186.
<vim3.png, id=181, 560.0925pt x 639.13782pt>
File: vim3.png Graphic file (type png)
<use vim3.png>
Package pdftex.def Info: vim3.png  used on input line 192.
(pdftex.def)             Requested size: 241.84843pt x 275.98445pt.


Package caption Warning: The option `hypcap=true' will be ignored for this
(caption)                particular \caption on input line 194.
See the caption package documentation for explanation.

[5 <./vim2.png>]
<vim4.png, id=215, 137.7647pt x 51.94406pt>
File: vim4.png Graphic file (type png)
<use vim4.png>
Package pdftex.def Info: vim4.png  used on input line 210.
(pdftex.def)             Requested size: 241.84843pt x 91.1975pt.


Package caption Warning: The option `hypcap=true' will be ignored for this
(caption)                particular \caption on input line 212.
See the caption package documentation for explanation.

<vim5.png, id=216, 167.87718pt x 112.92188pt>
File: vim5.png Graphic file (type png)
<use vim5.png>
Package pdftex.def Info: vim5.png  used on input line 222.
(pdftex.def)             Requested size: 241.84843pt x 162.67972pt.

Package caption Warning: The option `hypcap=true' will be ignored for this
(caption)                particular \caption on input line 224.
See the caption package documentation for explanation.

[6 <./vim3.png> <./vim4.png>]
<vim6.png, id=231, 114.4275pt x 63.98906pt>
File: vim6.png Graphic file (type png)
<use vim6.png>
Package pdftex.def Info: vim6.png  used on input line 234.
(pdftex.def)             Requested size: 241.84843pt x 135.24995pt.


Package caption Warning: The option `hypcap=true' will be ignored for this
(caption)                particular \caption on input line 236.
See the caption package documentation for explanation.

<vim7.png, id=232, 71.51718pt x 55.70813pt>
File: vim7.png Graphic file (type png)
<use vim7.png>
Package pdftex.def Info: vim7.png  used on input line 248.
(pdftex.def)             Requested size: 241.84843pt x 188.39014pt.

Package caption Warning: The option `hypcap=true' will be ignored for this
(caption)                particular \caption on input line 250.
See the caption package documentation for explanation.

<vim8.png, id=233, 316.93407pt x 644.4075pt>
File: vim8.png Graphic file (type png)
<use vim8.png>
Package pdftex.def Info: vim8.png  used on input line 258.
(pdftex.def)             Requested size: 241.84843pt x 491.75085pt.

Package caption Warning: The option `hypcap=true' will be ignored for this
(caption)                particular \caption on input line 260.
See the caption package documentation for explanation.

[7 <./vim5.png> <./vim6.png> <./vim7.png>]
<vim9.png, id=246, 303.38344pt x 100.12407pt>
File: vim9.png Graphic file (type png)
<use vim9.png>
Package pdftex.def Info: vim9.png  used on input line 268.
(pdftex.def)             Requested size: 241.84843pt x 79.81671pt.


Package caption Warning: The option `hypcap=true' will be ignored for this
(caption)                particular \caption on input line 270.
See the caption package documentation for explanation.

[8 <./vim8.png> <./vim9.png>]
<vim10.png, id=257, 508.90125pt x 638.385pt>
File: vim10.png Graphic file (type png)
<use vim10.png>
Package pdftex.def Info: vim10.png  used on input line 283.
(pdftex.def)             Requested size: 241.84843pt x 303.38213pt.


Package caption Warning: The option `hypcap=true' will be ignored for this
(caption)                particular \caption on input line 285.
See the caption package documentation for explanation.


Overfull \hbox (21.07874pt too wide) in paragraph at lines 280--288
[]$[]$ 
 []

<vim11.png, id=258, 571.38469pt x 645.91313pt>
File: vim11.png Graphic file (type png)
<use vim11.png>
Package pdftex.def Info: vim11.png  used on input line 292.
(pdftex.def)             Requested size: 241.84843pt x 273.39081pt.

Package caption Warning: The option `hypcap=true' will be ignored for this
(caption)                particular \caption on input line 294.
See the caption package documentation for explanation.


Overfull \hbox (21.07874pt too wide) in paragraph at lines 289--297
[]$[]$ 
 []

[9 <./vim10.png> <./vim11.png>]
<vim12.png, id=271, 236.38312pt x 100.12407pt>
File: vim12.png Graphic file (type png)
<use vim12.png>
Package pdftex.def Info: vim12.png  used on input line 319.
(pdftex.def)             Requested size: 241.84843pt x 102.44142pt.


Package caption Warning: The option `hypcap=true' will be ignored for this
(caption)                particular \caption on input line 321.
See the caption package documentation for explanation.

<vim13.png, id=272, 256.70906pt x 178.41656pt>
File: vim13.png Graphic file (type png)
<use vim13.png>
Package pdftex.def Info: vim13.png  used on input line 329.
(pdftex.def)             Requested size: 241.84843pt x 168.08998pt.

Package caption Warning: The option `hypcap=true' will be ignored for this
(caption)                particular \caption on input line 331.
See the caption package documentation for explanation.

File: vim12.png Graphic file (type png)
<use vim12.png>
Package pdftex.def Info: vim12.png  used on input line 345.
(pdftex.def)             Requested size: 241.84843pt x 102.44142pt.

Package caption Warning: The option `hypcap=true' will be ignored for this
(caption)                particular \caption on input line 347.
See the caption package documentation for explanation.

[10 <./vim12.png> <./vim13.png>] [11] (./shell文件.aux)
 ***********
LaTeX2e <2023-11-01> patch level 1
L3 programming layer <2022/07/14>
 ***********


LaTeX Warning: There were multiply-defined labels.

Package rerunfilecheck Info: File `shell文件.out' has not changed.
(rerunfilecheck)             Checksum: 60F59A20696E771D15880D5B819B5272;479.
 ) 
Here is how much of TeX's memory you used:
 14715 strings out of 474116
 253421 string characters out of 5741681
 1939190 words of memory out of 5000000
 36620 multiletter control sequences out of 15000+600000
 596911 words of font info for 175 fonts, out of 8000000 for 9000
 1141 hyphenation exceptions out of 8191
 80i,6n,83p,717b,467s stack positions out of 10000i,1000n,20000p,200000b,200000s
<c:/Windows/Fonts/simsun.ttc><c:/Windows/Fonts/simsun.ttc><c:/Windows/Fonts/s
imsun.ttc><c:/Windows/Fonts/simsun.ttc><c:/Windows/Fonts/simsun.ttc><c:/Windows
/Fonts/simsun.ttc><c:/Windows/Fonts/simsun.ttc><c:/Windows/Fonts/simhei.ttf><c:
/Windows/Fonts/simhei.ttf><c:/Windows/Fonts/simhei.ttf><c:/Windows/Fonts/simhei
.ttf><c:/Windows/Fonts/simsun.ttc><c:/Windows/Fonts/simsun.ttc><c:/Windows/Font
s/simsun.ttc><c:/Windows/Fonts/simsun.ttc><c:/Windows/Fonts/simsun.ttc><c:/Wind
ows/Fonts/simsun.ttc><c:/Windows/Fonts/simsun.ttc><c:/Windows/Fonts/simfang.ttf
><c:/Windows/Fonts/simfang.ttf><c:/Windows/Fonts/simfang.ttf><c:/Windows/Fonts/
simfang.ttf><c:/Windows/Fonts/simfang.ttf><c:/Windows/Fonts/simsun.ttc><c:/Wind
ows/Fonts/simfang.ttf><c:/Windows/Fonts/simfang.ttf><c:/Windows/Fonts/simfang.t
tf><c:/Windows/Fonts/simfang.ttf><c:/Windows/Fonts/simfang.ttf><c:/Windows/Font
s/simfang.ttf><c:/Windows/Fonts/simfang.ttf><c:/Windows/Fonts/simfang.ttf><c:/W
indows/Fonts/simfang.ttf><c:/Windows/Fonts/simfang.ttf><c:/Windows/Fonts/simfan
g.ttf><c:/Windows/Fonts/simfang.ttf><c:/Windows/Fonts/simfang.ttf><c:/Windows/F
onts/simfang.ttf><c:/Windows/Fonts/simfang.ttf><c:/Windows/Fonts/simfang.ttf><c
:/Windows/Fonts/simfang.ttf><c:/Windows/Fonts/simfang.ttf><c:/Windows/Fonts/sim
fang.ttf><c:/Windows/Fonts/simfang.ttf><c:/Windows/Fonts/simfang.ttf><c:/Window
s/Fonts/simfang.ttf><c:/Windows/Fonts/simfang.ttf><c:/Windows/Fonts/simfang.ttf
><c:/Windows/Fonts/simsun.ttc><c:/Windows/Fonts/simsun.ttc><c:/Windows/Fonts/si
msun.ttc><c:/Windows/Fonts/simsun.ttc><c:/Windows/Fonts/simsun.ttc><c:/Windows/
Fonts/simsun.ttc><c:/Windows/Fonts/simsun.ttc><c:/Windows/Fonts/simsun.ttc><c:/
Windows/Fonts/simsun.ttc><c:/Windows/Fonts/simsun.ttc><c:/Windows/Fonts/simsun.
ttc><c:/Windows/Fonts/simsun.ttc><c:/Windows/Fonts/simsun.ttc><c:/Windows/Fonts
/simsun.ttc><c:/Windows/Fonts/simsun.ttc><c:/Windows/Fonts/simsun.ttc><c:/Windo
ws/Fonts/simsun.ttc><c:/Windows/Fonts/simsun.ttc><c:/Windows/Fonts/simsun.ttc><
c:/Windows/Fonts/simsun.ttc><c:/Windows/Fonts/simsun.ttc><c:/Windows/Fonts/sims
un.ttc><c:/Windows/Fonts/simsun.ttc><c:/Windows/Fonts/simsun.ttc><c:/Windows/Fo
nts/simhei.ttf><c:/Windows/Fonts/simhei.ttf><c:/Windows/Fonts/simhei.ttf><c:/Wi
ndows/Fonts/simhei.ttf><c:/Windows/Fonts/simhei.ttf><c:/Windows/Fonts/simsun.tt
c><c:/Windows/Fonts/simsun.ttc><c:/Windows/Fonts/simsun.ttc><c:/Windows/Fonts/s
imsun.ttc><c:/Windows/Fonts/simsun.ttc><c:/Windows/Fonts/simsun.ttc><c:/Windows
/Fonts/simsun.ttc><c:/Windows/Fonts/simsun.ttc><c:/Windows/Fonts/simsun.ttc><c:
/Windows/Fonts/simsun.ttc><c:/Windows/Fonts/simhei.ttf><c:/Windows/Fonts/simhei
.ttf><c:/Windows/Fonts/simhei.ttf><c:/Windows/Fonts/simsun.ttc><c:/Windows/Font
s/simsun.ttc><c:/Windows/Fonts/simsun.ttc><c:/Windows/Fonts/simsun.ttc><c:/Wind
ows/Fonts/simsun.ttc><c:/Windows/Fonts/simsun.ttc><c:/Windows/Fonts/simsun.ttc>
<c:/Windows/Fonts/simsun.ttc><c:/Windows/Fonts/simsun.ttc><c:/Windows/Fonts/sim
sun.ttc><c:/Windows/Fonts/simsun.ttc><c:/Windows/Fonts/simsun.ttc><c:/Windows/F
onts/simsun.ttc><d:/texlive2024/texlive/2024/texmf-dist/fonts/type1/public/amsf
onts/cm/cmbx12.pfb><d:/texlive2024/texlive/2024/texmf-dist/fonts/type1/public/a
msfonts/cm/cmr10.pfb><d:/texlive2024/texlive/2024/texmf-dist/fonts/type1/public
/amsfonts/cm/cmr12.pfb><d:/texlive2024/texlive/2024/texmf-dist/fonts/type1/publ
ic/amsfonts/cm/cmr17.pfb><d:/texlive2024/texlive/2024/texmf-dist/fonts/type1/pu
blic/amsfonts/cm/cmtt10.pfb>
Output written on shell文件.pdf (11 pages, 614068 bytes).
PDF statistics:
 658 PDF objects out of 1000 (max. 8388607)
 421 compressed objects within 5 object streams
 41 named destinations out of 1000 (max. 500000)
 399 words of extra memory for PDF output out of 10000 (max. 10000000)

